[mobirise.com/extensions/inspirem5/psychology-service/index.html]
[backblue.gif]
[fade.gif]
[index.html]
[mobirise.com/extensions/inspirem5/psychology-service/assets/images/logo.png]
[mobirise.com/extensions/inspirem5/psychology-service/assets/web/assets/mobirise-icons2/mobirise2.css]
[mobirise.com/extensions/inspirem5/psychology-service/assets/bootstrap/css/bootstrap.min.css]
[mobirise.com/extensions/inspirem5/psychology-service/assets/bootstrap/css/bootstrap-grid.min.css]
[mobirise.com/extensions/inspirem5/psychology-service/assets/bootstrap/css/bootstrap-reboot.min.css]
[mobirise.com/extensions/inspirem5/psychology-service/assets/parallax/jarallax.css]
[mobirise.com/extensions/inspirem5/psychology-service/assets/dropdown/css/style.css]
[mobirise.com/extensions/inspirem5/psychology-service/assets/socicon/css/styles.css]
[mobirise.com/extensions/inspirem5/psychology-service/assets/theme/css/style.css]
[mobirise.com/extensions/inspirem5/psychology-service/assets/recaptcha.css]
[mobirise.com/extensions/inspirem5/psychology-service/assets/mobirise/css/mbr-additional.css]
[mobirise.com/extensions/inspirem5/psychology-service/assets/images/features2.jpg]
[mobirise.com/extensions/inspirem5/psychology-service/assets/images/features3.jpg]
[mobirise.com/extensions/inspirem5/psychology-service/assets/images/features1.jpg]
[mobirise.com/extensions/inspirem5/psychology-service/assets/images/background3.jpg]
[mobirise.com/extensions/inspirem5/psychology-service/assets/images/1.png]
[mobirise.com/extensions/inspirem5/psychology-service/assets/images/2.png]
[mobirise.com/extensions/inspirem5/psychology-service/assets/images/3.png]
[mobirise.com/extensions/inspirem5/psychology-service/assets/images/4.png]
[mobirise.com/extensions/inspirem5/psychology-service/assets/images/5.png]
[mobirise.com/extensions/inspirem5/psychology-service/assets/bootstrap/js/bootstrap.bundle.min.js]
[mobirise.com/extensions/inspirem5/psychology-service/assets/parallax/jarallax.js]
[mobirise.com/extensions/inspirem5/psychology-service/assets/smoothscroll/smooth-scroll.js]
[mobirise.com/extensions/inspirem5/psychology-service/assets/ytplayer/index.js]
[mobirise.com/extensions/inspirem5/psychology-service/assets/dropdown/js/navbar-dropdown.js]
[mobirise.com/extensions/inspirem5/psychology-service/assets/playervimeo/vimeo_player.js]
[mobirise.com/extensions/inspirem5/psychology-service/assets/theme/js/script.js]
[mobirise.com/extensions/inspirem5/psychology-service/assets/formoid.min.js]
[mobirise.com/extensions/inspirem5/psychology-service/index.html]
[mobirise.com/extensions/inspirem5/psychology-service/assets/web/assets/mobirise-icons2/mobirise21e04.eot]
[mobirise.com/extensions/inspirem5/psychology-service/assets/web/assets/mobirise-icons2/mobirise21e04.ttf]
[mobirise.com/extensions/inspirem5/psychology-service/assets/web/assets/mobirise-icons2/mobirise21e04.woff]
[mobirise.com/extensions/inspirem5/psychology-service/assets/web/assets/mobirise-icons2/mobirise2.css]
[mobirise.com/extensions/inspirem5/psychology-service/assets/bootstrap/css/bootstrap.min.css]
[mobirise.com/extensions/inspirem5/psychology-service/assets/bootstrap/css/bootstrap-grid.min.css]
[mobirise.com/extensions/inspirem5/psychology-service/assets/bootstrap/css/bootstrap-reboot.min.css]
[mobirise.com/extensions/inspirem5/psychology-service/assets/parallax/jarallax.css]
[mobirise.com/extensions/inspirem5/psychology-service/assets/dropdown/css/style.css]
[mobirise.com/extensions/inspirem5/psychology-service/assets/web/assets/mobirise-icons2/mobirise21e04.svg]
[mobirise.com/extensions/inspirem5/psychology-service/assets/socicon/fonts/socicon.eot]
[mobirise.com/extensions/inspirem5/psychology-service/assets/socicon/fonts/socicond41d.eot]
[mobirise.com/extensions/inspirem5/psychology-service/assets/socicon/fonts/socicon.woff2]
[mobirise.com/extensions/inspirem5/psychology-service/assets/socicon/fonts/socicon.ttf]
[mobirise.com/extensions/inspirem5/psychology-service/assets/socicon/fonts/socicon.woff]
[mobirise.com/extensions/inspirem5/psychology-service/assets/socicon/css/styles.css]
[mobirise.com/extensions/inspirem5/psychology-service/assets/theme/css/style.css]
[mobirise.com/extensions/inspirem5/psychology-service/assets/recaptcha.css]
[mobirise.com/extensions/inspirem5/psychology-service/assets/socicon/fonts/socicon.svg]
[mobirise.com/extensions/inspirem5/psychology-service/assets/images/background1.jpg]
[mobirise.com/extensions/inspirem5/psychology-service/assets/images/background2.jpg]
[mobirise.com/extensions/inspirem5/psychology-service/assets/images/team1.jpg]
[mobirise.com/extensions/inspirem5/psychology-service/assets/images/team2.jpg]
[mobirise.com/extensions/inspirem5/psychology-service/assets/images/team3.jpg]
[mobirise.com/extensions/inspirem5/psychology-service/assets/mobirise/css/mbr-additional.css]
[mobirise.com/extensions/inspirem5/psychology-service/assets/web/assets/mobirise-icons2/mobirise21e04.svg]
[mobirise.com/extensions/inspirem5/psychology-service/assets/socicon/fonts/socicon.svg]
